2024-01-15 08:00:15 [INFO] Server started successfully on port 8080
2024-01-15 08:00:16 [INFO] Database connection established
2024-01-15 08:01:23 [INFO] User authentication successful for user: admin
2024-01-15 08:02:45 [WARN] High memory usage detected: 85%
2024-01-15 08:03:12 [INFO] API request received: GET /api/health
2024-01-15 08:03:12 [INFO] API response sent: 200 OK
2024-01-15 08:04:30 [ERROR] Failed to connect to external service: timeout after 5s
2024-01-15 08:05:01 [INFO] Scheduled backup task started
2024-01-15 08:05:45 [INFO] Cache cleared successfully
2024-01-15 08:06:20 [WARN] Disk space usage at 78% on /var/log
2024-01-15 08:07:10 [INFO] New user registered: user_12345
2024-01-15 08:08:33 [ERROR] Database query failed: connection pool exhausted
2024-01-15 08:09:15 [INFO] SSL certificate validated successfully
2024-01-15 08:10:42 [INFO] API request received: POST /api/users
2024-01-15 08:10:43 [INFO] API response sent: 201 Created
2024-01-15 08:11:28 [WARN] Slow query detected: 2.5s execution time
2024-01-15 08:12:05 [INFO] Configuration file reloaded
2024-01-15 08:13:20 [ERROR] Authentication failed for IP: 192.168.1.100
2024-01-15 08:14:55 [INFO] Session expired for user: guest_user
2024-01-15 08:15:30 [INFO] API request received: GET /api/metrics
2024-01-15 08:15:31 [INFO] API response sent: 200 OK
2024-01-15 08:16:18 [WARN] CPU usage spike: 92% for 30 seconds
2024-01-15 08:17:42 [INFO] Backup task completed successfully
2024-01-15 08:18:25 [ERROR] File not found: /var/www/uploads/missing_file.txt
2024-01-15 08:19:10 [INFO] Cache miss for key: user_profile_789
2024-01-15 08:20:33 [INFO] API request received: DELETE /api/sessions/456
2024-01-15 08:20:34 [INFO] API response sent: 204 No Content
2024-01-15 08:21:15 [WARN] Network latency increased: 150ms average
2024-01-15 08:22:40 [INFO] User logged out: user_12345
2024-01-15 08:23:55 [ERROR] Failed to send email notification: SMTP server unreachable
2024-01-15 08:24:30 [INFO] Scheduled maintenance task started
2024-01-15 08:25:12 [INFO] API request received: PUT /api/config
2024-01-15 08:25:13 [INFO] API response sent: 200 OK
2024-01-15 08:26:45 [WARN] Connection pool at 80% capacity
2024-01-15 08:27:20 [INFO] Health check passed: all services operational
2024-01-15 08:28:33 [ERROR] Invalid request format: missing required field 'email'
2024-01-15 08:29:15 [INFO] API request received: GET /api/users?page=2
2024-01-15 08:29:16 [INFO] API response sent: 200 OK
2024-01-15 08:30:42 [WARN] Rate limit approaching: 85% of hourly quota used
2024-01-15 08:31:25 [INFO] Session created for user: admin
2024-01-15 08:32:10 [ERROR] Database deadlock detected, transaction rolled back
2024-01-15 08:33:55 [INFO] API request received: PATCH /api/users/123
2024-01-15 08:33:56 [INFO] API response sent: 200 OK
2024-01-15 08:34:30 [INFO] Maintenance task completed successfully
2024-01-15 08:35:18 [WARN] Disk I/O wait time increased: 120ms average
2024-01-15 08:36:42 [INFO] Cache hit rate: 87%
2024-01-15 08:37:25 [ERROR] Failed to process payment: payment gateway timeout
2024-01-15 08:38:10 [INFO] API request received: GET /api/status
2024-01-15 08:38:11 [INFO] API response sent: 200 OK
2024-01-15 08:39:33 [INFO] Server shutdown initiated

